{"/Users/athean/code/TheMakery/P6-front-end-testing/src/constants/routes.js": {"path":"/Users/athean/code/TheMakery/P6-front-end-testing/src/constants/routes.js","statementMap":{"0":{"start":{"line":6,"column":27},"end":{"line":11,"column":1}},"1":{"start":{"line":13,"column":22},"end":{"line":26,"column":1}},"2":{"start":{"line":14,"column":2},"end":{"line":25,"column":3}},"3":{"start":{"line":16,"column":6},"end":{"line":16,"column":46}},"4":{"start":{"line":18,"column":6},"end":{"line":18,"column":46}},"5":{"start":{"line":20,"column":6},"end":{"line":20,"column":48}},"6":{"start":{"line":22,"column":6},"end":{"line":22,"column":50}},"7":{"start":{"line":24,"column":6},"end":{"line":24,"column":46}}},"fnMap":{"0":{"name":"(anonymous_0)","decl":{"start":{"line":13,"column":22},"end":{"line":13,"column":23}},"loc":{"start":{"line":13,"column":62},"end":{"line":26,"column":1}},"line":13}},"branchMap":{"0":{"loc":{"start":{"line":14,"column":2},"end":{"line":25,"column":3}},"type":"switch","locations":[{"start":{"line":15,"column":4},"end":{"line":16,"column":46}},{"start":{"line":17,"column":4},"end":{"line":18,"column":46}},{"start":{"line":19,"column":4},"end":{"line":20,"column":48}},{"start":{"line":21,"column":4},"end":{"line":22,"column":50}},{"start":{"line":23,"column":4},"end":{"line":24,"column":46}}],"line":14}},"s":{"0":5,"1":5,"2":9,"3":1,"4":3,"5":1,"6":3,"7":1},"f":{"0":9},"b":{"0":[1,3,1,3,1]},"_coverageSchema":"1a1c01bbd47fc00a2c39e90264f33305004495a9","hash":"1d1eaa4dccc83aa9084f98fb065f06f7a8c16299"}
,"/Users/athean/code/TheMakery/P6-front-end-testing/src/containers/Bills.js": {"path":"/Users/athean/code/TheMakery/P6-front-end-testing/src/containers/Bills.js","statementMap":{"0":{"start":{"line":7,"column":4},"end":{"line":7,"column":28}},"1":{"start":{"line":8,"column":4},"end":{"line":8,"column":32}},"2":{"start":{"line":9,"column":4},"end":{"line":9,"column":30}},"3":{"start":{"line":10,"column":26},"end":{"line":10,"column":86}},"4":{"start":{"line":11,"column":4},"end":{"line":11,"column":87}},"5":{"start":{"line":11,"column":23},"end":{"line":11,"column":87}},"6":{"start":{"line":12,"column":20},"end":{"line":12,"column":76}},"7":{"start":{"line":13,"column":4},"end":{"line":15,"column":6}},"8":{"start":{"line":13,"column":17},"end":{"line":15,"column":6}},"9":{"start":{"line":14,"column":6},"end":{"line":14,"column":74}},"10":{"start":{"line":14,"column":44},"end":{"line":14,"column":73}},"11":{"start":{"line":16,"column":4},"end":{"line":16,"column":54}},"12":{"start":{"line":19,"column":23},"end":{"line":21,"column":3}},"13":{"start":{"line":20,"column":4},"end":{"line":20,"column":43}},"14":{"start":{"line":23,"column":23},"end":{"line":27,"column":3}},"15":{"start":{"line":24,"column":20},"end":{"line":24,"column":54}},"16":{"start":{"line":25,"column":4},"end":{"line":25,"column":71}},"17":{"start":{"line":26,"column":4},"end":{"line":26,"column":34}},"18":{"start":{"line":29,"column":13},"end":{"line":50,"column":3}},"19":{"start":{"line":30,"column":22},"end":{"line":31,"column":57}},"20":{"start":{"line":32,"column":4},"end":{"line":32,"column":48}},"21":{"start":{"line":33,"column":4},"end":{"line":49,"column":5}},"22":{"start":{"line":34,"column":6},"end":{"line":48,"column":28}},"23":{"start":{"line":38,"column":22},"end":{"line":44,"column":51}},"24":{"start":{"line":39,"column":23},"end":{"line":43,"column":11}},"25":{"start":{"line":44,"column":26},"end":{"line":44,"column":50}},"26":{"start":{"line":45,"column":8},"end":{"line":45,"column":35}},"27":{"start":{"line":46,"column":8},"end":{"line":46,"column":20}},"28":{"start":{"line":48,"column":22},"end":{"line":48,"column":27}}},"fnMap":{"0":{"name":"(anonymous_0)","decl":{"start":{"line":6,"column":2},"end":{"line":6,"column":3}},"loc":{"start":{"line":6,"column":65},"end":{"line":17,"column":3}},"line":6},"1":{"name":"(anonymous_1)","decl":{"start":{"line":13,"column":33},"end":{"line":13,"column":34}},"loc":{"start":{"line":13,"column":41},"end":{"line":15,"column":5}},"line":13},"2":{"name":"(anonymous_2)","decl":{"start":{"line":14,"column":37},"end":{"line":14,"column":38}},"loc":{"start":{"line":14,"column":44},"end":{"line":14,"column":73}},"line":14},"3":{"name":"(anonymous_3)","decl":{"start":{"line":19,"column":23},"end":{"line":19,"column":24}},"loc":{"start":{"line":19,"column":28},"end":{"line":21,"column":3}},"line":19},"4":{"name":"(anonymous_4)","decl":{"start":{"line":23,"column":23},"end":{"line":23,"column":24}},"loc":{"start":{"line":23,"column":33},"end":{"line":27,"column":3}},"line":23},"5":{"name":"(anonymous_5)","decl":{"start":{"line":29,"column":13},"end":{"line":29,"column":14}},"loc":{"start":{"line":29,"column":19},"end":{"line":50,"column":3}},"line":29},"6":{"name":"(anonymous_6)","decl":{"start":{"line":37,"column":12},"end":{"line":37,"column":13}},"loc":{"start":{"line":37,"column":24},"end":{"line":47,"column":7}},"line":37},"7":{"name":"(anonymous_7)","decl":{"start":{"line":39,"column":15},"end":{"line":39,"column":16}},"loc":{"start":{"line":39,"column":23},"end":{"line":43,"column":11}},"line":39},"8":{"name":"(anonymous_8)","decl":{"start":{"line":44,"column":18},"end":{"line":44,"column":19}},"loc":{"start":{"line":44,"column":26},"end":{"line":44,"column":50}},"line":44},"9":{"name":"(anonymous_9)","decl":{"start":{"line":48,"column":13},"end":{"line":48,"column":14}},"loc":{"start":{"line":48,"column":22},"end":{"line":48,"column":27}},"line":48}},"branchMap":{"0":{"loc":{"start":{"line":11,"column":4},"end":{"line":11,"column":87}},"type":"if","locations":[{"start":{"line":11,"column":4},"end":{"line":11,"column":87}},{"start":{"line":11,"column":4},"end":{"line":11,"column":87}}],"line":11},"1":{"loc":{"start":{"line":13,"column":4},"end":{"line":15,"column":6}},"type":"if","locations":[{"start":{"line":13,"column":4},"end":{"line":15,"column":6}},{"start":{"line":13,"column":4},"end":{"line":15,"column":6}}],"line":13},"2":{"loc":{"start":{"line":30,"column":22},"end":{"line":31,"column":57}},"type":"cond-expr","locations":[{"start":{"line":31,"column":6},"end":{"line":31,"column":52}},{"start":{"line":31,"column":55},"end":{"line":31,"column":57}}],"line":30},"3":{"loc":{"start":{"line":33,"column":4},"end":{"line":49,"column":5}},"type":"if","locations":[{"start":{"line":33,"column":4},"end":{"line":49,"column":5}},{"start":{"line":33,"column":4},"end":{"line":49,"column":5}}],"line":33}},"s":{"0":0,"1":0,"2":0,"3":0,"4":0,"5":0,"6":0,"7":0,"8":0,"9":0,"10":0,"11":0,"12":0,"13":0,"14":0,"15":0,"16":0,"17":0,"18":0,"19":0,"20":0,"21":0,"22":0,"23":0,"24":0,"25":0,"26":0,"27":0,"28":0},"f":{"0":0,"1":0,"2":0,"3":0,"4":0,"5":0,"6":0,"7":0,"8":0,"9":0},"b":{"0":[0,0],"1":[0,0],"2":[0,0],"3":[0,0]},"_coverageSchema":"1a1c01bbd47fc00a2c39e90264f33305004495a9","hash":"9b2433279735b7b3f3a18aa0269617e71f48224a"}
,"/Users/athean/code/TheMakery/P6-front-end-testing/src/containers/Dashboard.js": {"path":"/Users/athean/code/TheMakery/P6-front-end-testing/src/containers/Dashboard.js","statementMap":{"0":{"start":{"line":8,"column":29},"end":{"line":13,"column":1}},"1":{"start":{"line":9,"column":2},"end":{"line":12,"column":11}},"2":{"start":{"line":11,"column":6},"end":{"line":11,"column":35}},"3":{"start":{"line":15,"column":20},"end":{"line":38,"column":1}},"4":{"start":{"line":16,"column":28},"end":{"line":16,"column":52}},"5":{"start":{"line":17,"column":20},"end":{"line":18,"column":40}},"6":{"start":{"line":19,"column":19},"end":{"line":20,"column":53}},"7":{"start":{"line":22,"column":2},"end":{"line":37,"column":4}},"8":{"start":{"line":40,"column":21},"end":{"line":42,"column":1}},"9":{"start":{"line":41,"column":2},"end":{"line":41,"column":76}},"10":{"start":{"line":41,"column":51},"end":{"line":41,"column":61}},"11":{"start":{"line":44,"column":25},"end":{"line":53,"column":1}},"12":{"start":{"line":45,"column":2},"end":{"line":52,"column":3}},"13":{"start":{"line":47,"column":6},"end":{"line":47,"column":22}},"14":{"start":{"line":49,"column":6},"end":{"line":49,"column":23}},"15":{"start":{"line":51,"column":6},"end":{"line":51,"column":22}},"16":{"start":{"line":57,"column":4},"end":{"line":57,"column":28}},"17":{"start":{"line":58,"column":4},"end":{"line":58,"column":32}},"18":{"start":{"line":59,"column":4},"end":{"line":59,"column":30}},"19":{"start":{"line":60,"column":4},"end":{"line":60,"column":71}},"20":{"start":{"line":60,"column":35},"end":{"line":60,"column":70}},"21":{"start":{"line":61,"column":4},"end":{"line":61,"column":71}},"22":{"start":{"line":61,"column":35},"end":{"line":61,"column":70}},"23":{"start":{"line":62,"column":4},"end":{"line":62,"column":71}},"24":{"start":{"line":62,"column":35},"end":{"line":62,"column":70}},"25":{"start":{"line":63,"column":4},"end":{"line":63,"column":27}},"26":{"start":{"line":64,"column":4},"end":{"line":64,"column":44}},"27":{"start":{"line":67,"column":23},"end":{"line":72,"column":3}},"28":{"start":{"line":68,"column":4},"end":{"line":68,"column":24}},"29":{"start":{"line":69,"column":20},"end":{"line":69,"column":58}},"30":{"start":{"line":70,"column":4},"end":{"line":70,"column":76}},"31":{"start":{"line":71,"column":4},"end":{"line":71,"column":39}},"32":{"start":{"line":75,"column":4},"end":{"line":75,"column":75}},"33":{"start":{"line":75,"column":59},"end":{"line":75,"column":75}},"34":{"start":{"line":76,"column":4},"end":{"line":76,"column":71}},"35":{"start":{"line":76,"column":54},"end":{"line":76,"column":71}},"36":{"start":{"line":77,"column":4},"end":{"line":93,"column":5}},"37":{"start":{"line":78,"column":6},"end":{"line":80,"column":8}},"38":{"start":{"line":79,"column":8},"end":{"line":79,"column":79}},"39":{"start":{"line":81,"column":6},"end":{"line":81,"column":80}},"40":{"start":{"line":82,"column":6},"end":{"line":82,"column":69}},"41":{"start":{"line":83,"column":6},"end":{"line":83,"column":52}},"42":{"start":{"line":84,"column":6},"end":{"line":84,"column":21}},"43":{"start":{"line":86,"column":6},"end":{"line":86,"column":80}},"44":{"start":{"line":88,"column":6},"end":{"line":90,"column":8}},"45":{"start":{"line":91,"column":6},"end":{"line":91,"column":52}},"46":{"start":{"line":92,"column":6},"end":{"line":92,"column":21}},"47":{"start":{"line":94,"column":4},"end":{"line":94,"column":51}},"48":{"start":{"line":95,"column":4},"end":{"line":95,"column":72}},"49":{"start":{"line":95,"column":39},"end":{"line":95,"column":71}},"50":{"start":{"line":96,"column":4},"end":{"line":96,"column":72}},"51":{"start":{"line":96,"column":39},"end":{"line":96,"column":71}},"52":{"start":{"line":99,"column":23},"end":{"line":107,"column":3}},"53":{"start":{"line":100,"column":20},"end":{"line":104,"column":5}},"54":{"start":{"line":105,"column":4},"end":{"line":105,"column":28}},"55":{"start":{"line":106,"column":4},"end":{"line":106,"column":45}},"56":{"start":{"line":109,"column":23},"end":{"line":117,"column":3}},"57":{"start":{"line":110,"column":20},"end":{"line":114,"column":5}},"58":{"start":{"line":115,"column":4},"end":{"line":115,"column":28}},"59":{"start":{"line":116,"column":4},"end":{"line":116,"column":45}},"60":{"start":{"line":120,"column":4},"end":{"line":120,"column":76}},"61":{"start":{"line":120,"column":60},"end":{"line":120,"column":76}},"62":{"start":{"line":121,"column":4},"end":{"line":121,"column":76}},"63":{"start":{"line":121,"column":58},"end":{"line":121,"column":76}},"64":{"start":{"line":122,"column":4},"end":{"line":132,"column":5}},"65":{"start":{"line":123,"column":6},"end":{"line":123,"column":69}},"66":{"start":{"line":124,"column":6},"end":{"line":125,"column":65}},"67":{"start":{"line":126,"column":6},"end":{"line":126,"column":21}},"68":{"start":{"line":128,"column":6},"end":{"line":128,"column":70}},"69":{"start":{"line":129,"column":6},"end":{"line":130,"column":17}},"70":{"start":{"line":131,"column":6},"end":{"line":131,"column":21}},"71":{"start":{"line":134,"column":4},"end":{"line":136,"column":6}},"72":{"start":{"line":135,"column":6},"end":{"line":135,"column":83}},"73":{"start":{"line":135,"column":45},"end":{"line":135,"column":82}},"74":{"start":{"line":138,"column":4},"end":{"line":138,"column":16}},"75":{"start":{"line":142,"column":21},"end":{"line":160,"column":3}},"76":{"start":{"line":143,"column":4},"end":{"line":159,"column":5}},"77":{"start":{"line":144,"column":6},"end":{"line":158,"column":28}},"78":{"start":{"line":148,"column":22},"end":{"line":154,"column":11}},"79":{"start":{"line":149,"column":21},"end":{"line":154,"column":9}},"80":{"start":{"line":155,"column":8},"end":{"line":155,"column":42}},"81":{"start":{"line":156,"column":8},"end":{"line":156,"column":20}},"82":{"start":{"line":158,"column":22},"end":{"line":158,"column":27}},"83":{"start":{"line":163,"column":15},"end":{"line":169,"column":3}},"84":{"start":{"line":164,"column":4},"end":{"line":168,"column":28}},"85":{"start":{"line":167,"column":20},"end":{"line":167,"column":24}},"86":{"start":{"line":168,"column":22},"end":{"line":168,"column":27}}},"fnMap":{"0":{"name":"(anonymous_0)","decl":{"start":{"line":8,"column":29},"end":{"line":8,"column":30}},"loc":{"start":{"line":8,"column":47},"end":{"line":13,"column":1}},"line":8},"1":{"name":"(anonymous_1)","decl":{"start":{"line":10,"column":16},"end":{"line":10,"column":17}},"loc":{"start":{"line":10,"column":24},"end":{"line":12,"column":5}},"line":10},"2":{"name":"(anonymous_2)","decl":{"start":{"line":15,"column":20},"end":{"line":15,"column":21}},"loc":{"start":{"line":15,"column":30},"end":{"line":38,"column":1}},"line":15},"3":{"name":"(anonymous_3)","decl":{"start":{"line":40,"column":21},"end":{"line":40,"column":22}},"loc":{"start":{"line":40,"column":32},"end":{"line":42,"column":1}},"line":40},"4":{"name":"(anonymous_4)","decl":{"start":{"line":41,"column":43},"end":{"line":41,"column":44}},"loc":{"start":{"line":41,"column":51},"end":{"line":41,"column":61}},"line":41},"5":{"name":"(anonymous_5)","decl":{"start":{"line":44,"column":25},"end":{"line":44,"column":26}},"loc":{"start":{"line":44,"column":36},"end":{"line":53,"column":1}},"line":44},"6":{"name":"(anonymous_6)","decl":{"start":{"line":56,"column":2},"end":{"line":56,"column":3}},"loc":{"start":{"line":56,"column":72},"end":{"line":65,"column":3}},"line":56},"7":{"name":"(anonymous_7)","decl":{"start":{"line":60,"column":28},"end":{"line":60,"column":29}},"loc":{"start":{"line":60,"column":35},"end":{"line":60,"column":70}},"line":60},"8":{"name":"(anonymous_8)","decl":{"start":{"line":61,"column":28},"end":{"line":61,"column":29}},"loc":{"start":{"line":61,"column":35},"end":{"line":61,"column":70}},"line":61},"9":{"name":"(anonymous_9)","decl":{"start":{"line":62,"column":28},"end":{"line":62,"column":29}},"loc":{"start":{"line":62,"column":35},"end":{"line":62,"column":70}},"line":62},"10":{"name":"(anonymous_10)","decl":{"start":{"line":67,"column":23},"end":{"line":67,"column":24}},"loc":{"start":{"line":67,"column":29},"end":{"line":72,"column":3}},"line":67},"11":{"name":"(anonymous_11)","decl":{"start":{"line":74,"column":2},"end":{"line":74,"column":3}},"loc":{"start":{"line":74,"column":35},"end":{"line":97,"column":3}},"line":74},"12":{"name":"(anonymous_12)","decl":{"start":{"line":78,"column":20},"end":{"line":78,"column":21}},"loc":{"start":{"line":78,"column":25},"end":{"line":80,"column":7}},"line":78},"13":{"name":"(anonymous_13)","decl":{"start":{"line":95,"column":32},"end":{"line":95,"column":33}},"loc":{"start":{"line":95,"column":39},"end":{"line":95,"column":71}},"line":95},"14":{"name":"(anonymous_14)","decl":{"start":{"line":96,"column":32},"end":{"line":96,"column":33}},"loc":{"start":{"line":96,"column":39},"end":{"line":96,"column":71}},"line":96},"15":{"name":"(anonymous_15)","decl":{"start":{"line":99,"column":23},"end":{"line":99,"column":24}},"loc":{"start":{"line":99,"column":36},"end":{"line":107,"column":3}},"line":99},"16":{"name":"(anonymous_16)","decl":{"start":{"line":109,"column":23},"end":{"line":109,"column":24}},"loc":{"start":{"line":109,"column":36},"end":{"line":117,"column":3}},"line":109},"17":{"name":"(anonymous_17)","decl":{"start":{"line":119,"column":2},"end":{"line":119,"column":3}},"loc":{"start":{"line":119,"column":37},"end":{"line":140,"column":3}},"line":119},"18":{"name":"(anonymous_18)","decl":{"start":{"line":134,"column":18},"end":{"line":134,"column":19}},"loc":{"start":{"line":134,"column":26},"end":{"line":136,"column":5}},"line":134},"19":{"name":"(anonymous_19)","decl":{"start":{"line":135,"column":38},"end":{"line":135,"column":39}},"loc":{"start":{"line":135,"column":45},"end":{"line":135,"column":82}},"line":135},"20":{"name":"(anonymous_20)","decl":{"start":{"line":142,"column":21},"end":{"line":142,"column":22}},"loc":{"start":{"line":142,"column":27},"end":{"line":160,"column":3}},"line":142},"21":{"name":"(anonymous_21)","decl":{"start":{"line":147,"column":12},"end":{"line":147,"column":13}},"loc":{"start":{"line":147,"column":24},"end":{"line":157,"column":7}},"line":147},"22":{"name":"(anonymous_22)","decl":{"start":{"line":149,"column":13},"end":{"line":149,"column":14}},"loc":{"start":{"line":149,"column":21},"end":{"line":154,"column":9}},"line":149},"23":{"name":"(anonymous_23)","decl":{"start":{"line":158,"column":13},"end":{"line":158,"column":14}},"loc":{"start":{"line":158,"column":22},"end":{"line":158,"column":27}},"line":158},"24":{"name":"(anonymous_24)","decl":{"start":{"line":163,"column":15},"end":{"line":163,"column":16}},"loc":{"start":{"line":163,"column":25},"end":{"line":169,"column":3}},"line":163},"25":{"name":"(anonymous_25)","decl":{"start":{"line":167,"column":12},"end":{"line":167,"column":13}},"loc":{"start":{"line":167,"column":20},"end":{"line":167,"column":24}},"line":167},"26":{"name":"(anonymous_26)","decl":{"start":{"line":168,"column":13},"end":{"line":168,"column":14}},"loc":{"start":{"line":168,"column":22},"end":{"line":168,"column":27}},"line":168}},"branchMap":{"0":{"loc":{"start":{"line":9,"column":9},"end":{"line":12,"column":11}},"type":"cond-expr","locations":[{"start":{"line":10,"column":4},"end":{"line":12,"column":6}},{"start":{"line":12,"column":9},"end":{"line":12,"column":11}}],"line":9},"1":{"loc":{"start":{"line":9,"column":10},"end":{"line":9,"column":29}},"type":"binary-expr","locations":[{"start":{"line":9,"column":10},"end":{"line":9,"column":14}},{"start":{"line":9,"column":18},"end":{"line":9,"column":29}}],"line":9},"2":{"loc":{"start":{"line":17,"column":20},"end":{"line":18,"column":40}},"type":"cond-expr","locations":[{"start":{"line":18,"column":4},"end":{"line":18,"column":35}},{"start":{"line":18,"column":38},"end":{"line":18,"column":40}}],"line":17},"3":{"loc":{"start":{"line":19,"column":19},"end":{"line":20,"column":53}},"type":"cond-expr","locations":[{"start":{"line":20,"column":2},"end":{"line":20,"column":33}},{"start":{"line":20,"column":36},"end":{"line":20,"column":53}}],"line":19},"4":{"loc":{"start":{"line":41,"column":9},"end":{"line":41,"column":76}},"type":"cond-expr","locations":[{"start":{"line":41,"column":33},"end":{"line":41,"column":71}},{"start":{"line":41,"column":74},"end":{"line":41,"column":76}}],"line":41},"5":{"loc":{"start":{"line":41,"column":9},"end":{"line":41,"column":30}},"type":"binary-expr","locations":[{"start":{"line":41,"column":9},"end":{"line":41,"column":14}},{"start":{"line":41,"column":18},"end":{"line":41,"column":30}}],"line":41},"6":{"loc":{"start":{"line":45,"column":2},"end":{"line":52,"column":3}},"type":"switch","locations":[{"start":{"line":46,"column":4},"end":{"line":47,"column":22}},{"start":{"line":48,"column":4},"end":{"line":49,"column":23}},{"start":{"line":50,"column":4},"end":{"line":51,"column":22}}],"line":45},"7":{"loc":{"start":{"line":75,"column":4},"end":{"line":75,"column":75}},"type":"if","locations":[{"start":{"line":75,"column":4},"end":{"line":75,"column":75}},{"start":{"line":75,"column":4},"end":{"line":75,"column":75}}],"line":75},"8":{"loc":{"start":{"line":75,"column":8},"end":{"line":75,"column":57}},"type":"binary-expr","locations":[{"start":{"line":75,"column":8},"end":{"line":75,"column":34}},{"start":{"line":75,"column":38},"end":{"line":75,"column":57}}],"line":75},"9":{"loc":{"start":{"line":76,"column":4},"end":{"line":76,"column":71}},"type":"if","locations":[{"start":{"line":76,"column":4},"end":{"line":76,"column":71}},{"start":{"line":76,"column":4},"end":{"line":76,"column":71}}],"line":76},"10":{"loc":{"start":{"line":76,"column":8},"end":{"line":76,"column":52}},"type":"binary-expr","locations":[{"start":{"line":76,"column":8},"end":{"line":76,"column":29}},{"start":{"line":76,"column":33},"end":{"line":76,"column":52}}],"line":76},"11":{"loc":{"start":{"line":77,"column":4},"end":{"line":93,"column":5}},"type":"if","locations":[{"start":{"line":77,"column":4},"end":{"line":93,"column":5}},{"start":{"line":77,"column":4},"end":{"line":93,"column":5}}],"line":77},"12":{"loc":{"start":{"line":120,"column":4},"end":{"line":120,"column":76}},"type":"if","locations":[{"start":{"line":120,"column":4},"end":{"line":120,"column":76}},{"start":{"line":120,"column":4},"end":{"line":120,"column":76}}],"line":120},"13":{"loc":{"start":{"line":120,"column":8},"end":{"line":120,"column":58}},"type":"binary-expr","locations":[{"start":{"line":120,"column":8},"end":{"line":120,"column":34}},{"start":{"line":120,"column":38},"end":{"line":120,"column":58}}],"line":120},"14":{"loc":{"start":{"line":121,"column":4},"end":{"line":121,"column":76}},"type":"if","locations":[{"start":{"line":121,"column":4},"end":{"line":121,"column":76}},{"start":{"line":121,"column":4},"end":{"line":121,"column":76}}],"line":121},"15":{"loc":{"start":{"line":121,"column":8},"end":{"line":121,"column":56}},"type":"binary-expr","locations":[{"start":{"line":121,"column":8},"end":{"line":121,"column":32}},{"start":{"line":121,"column":36},"end":{"line":121,"column":56}}],"line":121},"16":{"loc":{"start":{"line":122,"column":4},"end":{"line":132,"column":5}},"type":"if","locations":[{"start":{"line":122,"column":4},"end":{"line":132,"column":5}},{"start":{"line":122,"column":4},"end":{"line":132,"column":5}}],"line":122},"17":{"loc":{"start":{"line":143,"column":4},"end":{"line":159,"column":5}},"type":"if","locations":[{"start":{"line":143,"column":4},"end":{"line":159,"column":5}},{"start":{"line":143,"column":4},"end":{"line":159,"column":5}}],"line":143}},"s":{"0":5,"1":18,"2":24,"3":5,"4":8,"5":8,"6":8,"7":8,"8":5,"9":4,"10":8,"11":5,"12":3,"13":1,"14":1,"15":1,"16":2,"17":2,"18":2,"19":2,"20":1,"21":2,"22":1,"23":2,"24":1,"25":2,"26":2,"27":2,"28":0,"29":0,"30":0,"31":0,"32":2,"33":1,"34":2,"35":1,"36":2,"37":1,"38":4,"39":1,"40":1,"41":1,"42":1,"43":1,"44":1,"45":1,"46":1,"47":2,"48":2,"49":0,"50":2,"51":0,"52":2,"53":0,"54":0,"55":0,"56":2,"57":0,"58":0,"59":0,"60":6,"61":3,"62":6,"63":3,"64":6,"65":3,"66":3,"67":3,"68":3,"69":3,"70":3,"71":6,"72":24,"73":0,"74":6,"75":2,"76":2,"77":0,"78":0,"79":0,"80":0,"81":0,"82":0,"83":2,"84":0,"85":0,"86":0},"f":{"0":18,"1":24,"2":8,"3":4,"4":8,"5":3,"6":2,"7":1,"8":1,"9":1,"10":0,"11":2,"12":4,"13":0,"14":0,"15":0,"16":0,"17":6,"18":24,"19":0,"20":2,"21":0,"22":0,"23":0,"24":0,"25":0,"26":0},"b":{"0":[6,12],"1":[18,6],"2":[2,6],"3":[2,6],"4":[4,0],"5":[4,4],"6":[1,1,1],"7":[1,1],"8":[2,1],"9":[1,1],"10":[2,1],"11":[1,1],"12":[3,3],"13":[6,5],"14":[3,3],"15":[6,5],"16":[3,3],"17":[0,2]},"_coverageSchema":"1a1c01bbd47fc00a2c39e90264f33305004495a9","hash":"ac89e006babfa21e8004ee825da4c492dcf567e0"}
,"/Users/athean/code/TheMakery/P6-front-end-testing/src/containers/Login.js": {"path":"/Users/athean/code/TheMakery/P6-front-end-testing/src/containers/Login.js","statementMap":{"0":{"start":{"line":3,"column":31},"end":{"line":3,"column":33}},"1":{"start":{"line":8,"column":4},"end":{"line":8,"column":28}},"2":{"start":{"line":9,"column":4},"end":{"line":9,"column":36}},"3":{"start":{"line":10,"column":4},"end":{"line":10,"column":32}},"4":{"start":{"line":11,"column":4},"end":{"line":11,"column":46}},"5":{"start":{"line":12,"column":4},"end":{"line":12,"column":30}},"6":{"start":{"line":13,"column":25},"end":{"line":13,"column":89}},"7":{"start":{"line":14,"column":4},"end":{"line":14,"column":70}},"8":{"start":{"line":15,"column":22},"end":{"line":15,"column":83}},"9":{"start":{"line":16,"column":4},"end":{"line":16,"column":64}},"10":{"start":{"line":18,"column":25},"end":{"line":33,"column":3}},"11":{"start":{"line":19,"column":17},"end":{"line":24,"column":5}},"12":{"start":{"line":25,"column":4},"end":{"line":25,"column":59}},"13":{"start":{"line":26,"column":23},"end":{"line":26,"column":51}},"14":{"start":{"line":27,"column":4},"end":{"line":27,"column":42}},"15":{"start":{"line":27,"column":21},"end":{"line":27,"column":42}},"16":{"start":{"line":28,"column":4},"end":{"line":28,"column":22}},"17":{"start":{"line":29,"column":4},"end":{"line":29,"column":41}},"18":{"start":{"line":30,"column":4},"end":{"line":30,"column":49}},"19":{"start":{"line":31,"column":4},"end":{"line":31,"column":46}},"20":{"start":{"line":32,"column":4},"end":{"line":32,"column":51}},"21":{"start":{"line":35,"column":22},"end":{"line":50,"column":3}},"22":{"start":{"line":36,"column":17},"end":{"line":41,"column":5}},"23":{"start":{"line":42,"column":4},"end":{"line":42,"column":59}},"24":{"start":{"line":43,"column":23},"end":{"line":43,"column":51}},"25":{"start":{"line":44,"column":4},"end":{"line":44,"column":42}},"26":{"start":{"line":44,"column":21},"end":{"line":44,"column":42}},"27":{"start":{"line":45,"column":4},"end":{"line":45,"column":22}},"28":{"start":{"line":46,"column":4},"end":{"line":46,"column":45}},"29":{"start":{"line":47,"column":4},"end":{"line":47,"column":53}},"30":{"start":{"line":48,"column":4},"end":{"line":48,"column":46}},"31":{"start":{"line":49,"column":4},"end":{"line":49,"column":46}},"32":{"start":{"line":52,"column":22},"end":{"line":69,"column":3}},"33":{"start":{"line":53,"column":4},"end":{"line":68,"column":5}},"34":{"start":{"line":54,"column":6},"end":{"line":65,"column":28}},"35":{"start":{"line":58,"column":8},"end":{"line":63,"column":9}},"36":{"start":{"line":59,"column":10},"end":{"line":59,"column":55}},"37":{"start":{"line":60,"column":10},"end":{"line":60,"column":21}},"38":{"start":{"line":62,"column":10},"end":{"line":62,"column":22}},"39":{"start":{"line":65,"column":22},"end":{"line":65,"column":27}},"40":{"start":{"line":67,"column":6},"end":{"line":67,"column":17}},"41":{"start":{"line":71,"column":15},"end":{"line":85,"column":3}},"42":{"start":{"line":72,"column":4},"end":{"line":84,"column":5}},"43":{"start":{"line":73,"column":6},"end":{"line":81,"column":28}},"44":{"start":{"line":80,"column":18},"end":{"line":80,"column":67}},"45":{"start":{"line":81,"column":22},"end":{"line":81,"column":27}},"46":{"start":{"line":83,"column":6},"end":{"line":83,"column":17}}},"fnMap":{"0":{"name":"(anonymous_0)","decl":{"start":{"line":7,"column":2},"end":{"line":7,"column":3}},"loc":{"start":{"line":7,"column":84},"end":{"line":17,"column":3}},"line":7},"1":{"name":"(anonymous_1)","decl":{"start":{"line":18,"column":25},"end":{"line":18,"column":26}},"loc":{"start":{"line":18,"column":30},"end":{"line":33,"column":3}},"line":18},"2":{"name":"(anonymous_2)","decl":{"start":{"line":35,"column":22},"end":{"line":35,"column":23}},"loc":{"start":{"line":35,"column":27},"end":{"line":50,"column":3}},"line":35},"3":{"name":"(anonymous_3)","decl":{"start":{"line":52,"column":22},"end":{"line":52,"column":23}},"loc":{"start":{"line":52,"column":32},"end":{"line":69,"column":3}},"line":52},"4":{"name":"(anonymous_4)","decl":{"start":{"line":57,"column":12},"end":{"line":57,"column":13}},"loc":{"start":{"line":57,"column":21},"end":{"line":64,"column":7}},"line":57},"5":{"name":"(anonymous_5)","decl":{"start":{"line":65,"column":13},"end":{"line":65,"column":14}},"loc":{"start":{"line":65,"column":22},"end":{"line":65,"column":27}},"line":65},"6":{"name":"(anonymous_6)","decl":{"start":{"line":71,"column":15},"end":{"line":71,"column":16}},"loc":{"start":{"line":71,"column":25},"end":{"line":85,"column":3}},"line":71},"7":{"name":"(anonymous_7)","decl":{"start":{"line":80,"column":12},"end":{"line":80,"column":13}},"loc":{"start":{"line":80,"column":18},"end":{"line":80,"column":67}},"line":80},"8":{"name":"(anonymous_8)","decl":{"start":{"line":81,"column":13},"end":{"line":81,"column":14}},"loc":{"start":{"line":81,"column":22},"end":{"line":81,"column":27}},"line":81}},"branchMap":{"0":{"loc":{"start":{"line":27,"column":4},"end":{"line":27,"column":42}},"type":"if","locations":[{"start":{"line":27,"column":4},"end":{"line":27,"column":42}},{"start":{"line":27,"column":4},"end":{"line":27,"column":42}}],"line":27},"1":{"loc":{"start":{"line":44,"column":4},"end":{"line":44,"column":42}},"type":"if","locations":[{"start":{"line":44,"column":4},"end":{"line":44,"column":42}},{"start":{"line":44,"column":4},"end":{"line":44,"column":42}}],"line":44},"2":{"loc":{"start":{"line":53,"column":4},"end":{"line":68,"column":5}},"type":"if","locations":[{"start":{"line":53,"column":4},"end":{"line":68,"column":5}},{"start":{"line":53,"column":4},"end":{"line":68,"column":5}}],"line":53},"3":{"loc":{"start":{"line":58,"column":8},"end":{"line":63,"column":9}},"type":"if","locations":[{"start":{"line":58,"column":8},"end":{"line":63,"column":9}},{"start":{"line":58,"column":8},"end":{"line":63,"column":9}}],"line":58},"4":{"loc":{"start":{"line":72,"column":4},"end":{"line":84,"column":5}},"type":"if","locations":[{"start":{"line":72,"column":4},"end":{"line":84,"column":5}},{"start":{"line":72,"column":4},"end":{"line":84,"column":5}}],"line":72}},"s":{"0":1,"1":2,"2":2,"3":2,"4":2,"5":2,"6":2,"7":2,"8":2,"9":2,"10":2,"11":2,"12":2,"13":2,"14":2,"15":2,"16":2,"17":2,"18":2,"19":2,"20":2,"21":2,"22":2,"23":2,"24":2,"25":2,"26":2,"27":2,"28":2,"29":2,"30":2,"31":2,"32":2,"33":4,"34":0,"35":0,"36":0,"37":0,"38":0,"39":0,"40":4,"41":2,"42":4,"43":0,"44":0,"45":0,"46":4},"f":{"0":2,"1":2,"2":2,"3":4,"4":0,"5":0,"6":4,"7":0,"8":0},"b":{"0":[2,0],"1":[2,0],"2":[0,4],"3":[0,0],"4":[0,4]},"_coverageSchema":"1a1c01bbd47fc00a2c39e90264f33305004495a9","hash":"6851d3736f9d1ccbe902ac9d2f1c0037ce605eeb"}
,"/Users/athean/code/TheMakery/P6-front-end-testing/src/containers/Logout.js": {"path":"/Users/athean/code/TheMakery/P6-front-end-testing/src/containers/Logout.js","statementMap":{"0":{"start":{"line":6,"column":4},"end":{"line":6,"column":28}},"1":{"start":{"line":7,"column":4},"end":{"line":7,"column":32}},"2":{"start":{"line":8,"column":4},"end":{"line":8,"column":36}},"3":{"start":{"line":9,"column":4},"end":{"line":9,"column":51}},"4":{"start":{"line":12,"column":16},"end":{"line":15,"column":3}},"5":{"start":{"line":13,"column":4},"end":{"line":13,"column":29}},"6":{"start":{"line":14,"column":4},"end":{"line":14,"column":41}}},"fnMap":{"0":{"name":"(anonymous_0)","decl":{"start":{"line":5,"column":2},"end":{"line":5,"column":3}},"loc":{"start":{"line":5,"column":54},"end":{"line":10,"column":3}},"line":5},"1":{"name":"(anonymous_1)","decl":{"start":{"line":12,"column":16},"end":{"line":12,"column":17}},"loc":{"start":{"line":12,"column":23},"end":{"line":15,"column":3}},"line":12}},"branchMap":{},"s":{"0":2,"1":2,"2":2,"3":2,"4":2,"5":0,"6":0},"f":{"0":2,"1":0},"b":{},"_coverageSchema":"1a1c01bbd47fc00a2c39e90264f33305004495a9","hash":"e7a6b072649da9c4519f9e1d108cc920c6fa68af"}
,"/Users/athean/code/TheMakery/P6-front-end-testing/src/containers/NewBill.js": {"path":"/Users/athean/code/TheMakery/P6-front-end-testing/src/containers/NewBill.js","statementMap":{"0":{"start":{"line":7,"column":4},"end":{"line":7,"column":28}},"1":{"start":{"line":8,"column":4},"end":{"line":8,"column":32}},"2":{"start":{"line":9,"column":4},"end":{"line":9,"column":30}},"3":{"start":{"line":10,"column":4},"end":{"line":10,"column":38}},"4":{"start":{"line":11,"column":24},"end":{"line":11,"column":88}},"5":{"start":{"line":12,"column":4},"end":{"line":12,"column":61}},"6":{"start":{"line":13,"column":17},"end":{"line":13,"column":73}},"7":{"start":{"line":14,"column":4},"end":{"line":14,"column":58}},"8":{"start":{"line":15,"column":4},"end":{"line":15,"column":23}},"9":{"start":{"line":16,"column":4},"end":{"line":16,"column":24}},"10":{"start":{"line":17,"column":4},"end":{"line":17,"column":54}},"11":{"start":{"line":19,"column":21},"end":{"line":32,"column":3}},"12":{"start":{"line":20,"column":17},"end":{"line":20,"column":82}},"13":{"start":{"line":21,"column":21},"end":{"line":21,"column":48}},"14":{"start":{"line":22,"column":21},"end":{"line":22,"column":48}},"15":{"start":{"line":23,"column":4},"end":{"line":31,"column":8}},"16":{"start":{"line":27,"column":24},"end":{"line":27,"column":53}},"17":{"start":{"line":29,"column":8},"end":{"line":29,"column":26}},"18":{"start":{"line":30,"column":8},"end":{"line":30,"column":32}},"19":{"start":{"line":33,"column":17},"end":{"line":51,"column":3}},"20":{"start":{"line":34,"column":4},"end":{"line":34,"column":22}},"21":{"start":{"line":35,"column":18},"end":{"line":35,"column":64}},"22":{"start":{"line":36,"column":17},"end":{"line":48,"column":5}},"23":{"start":{"line":49,"column":4},"end":{"line":49,"column":25}},"24":{"start":{"line":50,"column":4},"end":{"line":50,"column":41}},"25":{"start":{"line":53,"column":15},"end":{"line":63,"column":3}},"26":{"start":{"line":54,"column":4},"end":{"line":62,"column":5}},"27":{"start":{"line":55,"column":6},"end":{"line":61,"column":28}},"28":{"start":{"line":59,"column":8},"end":{"line":59,"column":45}},"29":{"start":{"line":61,"column":22},"end":{"line":61,"column":27}}},"fnMap":{"0":{"name":"(anonymous_0)","decl":{"start":{"line":6,"column":2},"end":{"line":6,"column":3}},"loc":{"start":{"line":6,"column":65},"end":{"line":18,"column":3}},"line":6},"1":{"name":"(anonymous_1)","decl":{"start":{"line":19,"column":21},"end":{"line":19,"column":22}},"loc":{"start":{"line":19,"column":26},"end":{"line":32,"column":3}},"line":19},"2":{"name":"(anonymous_2)","decl":{"start":{"line":27,"column":12},"end":{"line":27,"column":13}},"loc":{"start":{"line":27,"column":24},"end":{"line":27,"column":53}},"line":27},"3":{"name":"(anonymous_3)","decl":{"start":{"line":28,"column":12},"end":{"line":28,"column":13}},"loc":{"start":{"line":28,"column":19},"end":{"line":31,"column":7}},"line":28},"4":{"name":"(anonymous_4)","decl":{"start":{"line":33,"column":17},"end":{"line":33,"column":18}},"loc":{"start":{"line":33,"column":22},"end":{"line":51,"column":3}},"line":33},"5":{"name":"(anonymous_5)","decl":{"start":{"line":53,"column":15},"end":{"line":53,"column":16}},"loc":{"start":{"line":53,"column":25},"end":{"line":63,"column":3}},"line":53},"6":{"name":"(anonymous_6)","decl":{"start":{"line":58,"column":12},"end":{"line":58,"column":13}},"loc":{"start":{"line":58,"column":18},"end":{"line":60,"column":7}},"line":58},"7":{"name":"(anonymous_7)","decl":{"start":{"line":61,"column":13},"end":{"line":61,"column":14}},"loc":{"start":{"line":61,"column":22},"end":{"line":61,"column":27}},"line":61}},"branchMap":{"0":{"loc":{"start":{"line":43,"column":11},"end":{"line":43,"column":83}},"type":"binary-expr","locations":[{"start":{"line":43,"column":11},"end":{"line":43,"column":77}},{"start":{"line":43,"column":81},"end":{"line":43,"column":83}}],"line":43},"1":{"loc":{"start":{"line":54,"column":4},"end":{"line":62,"column":5}},"type":"if","locations":[{"start":{"line":54,"column":4},"end":{"line":62,"column":5}},{"start":{"line":54,"column":4},"end":{"line":62,"column":5}}],"line":54}},"s":{"0":0,"1":0,"2":0,"3":0,"4":0,"5":0,"6":0,"7":0,"8":0,"9":0,"10":0,"11":0,"12":0,"13":0,"14":0,"15":0,"16":0,"17":0,"18":0,"19":0,"20":0,"21":0,"22":0,"23":0,"24":0,"25":0,"26":0,"27":0,"28":0,"29":0},"f":{"0":0,"1":0,"2":0,"3":0,"4":0,"5":0,"6":0,"7":0},"b":{"0":[0,0],"1":[0,0]},"_coverageSchema":"1a1c01bbd47fc00a2c39e90264f33305004495a9","hash":"a4c67653485ba609ff24bd1621521a7bcb481907"}
,"/Users/athean/code/TheMakery/P6-front-end-testing/src/views/Actions.js": {"path":"/Users/athean/code/TheMakery/P6-front-end-testing/src/views/Actions.js","statementMap":{"0":{"start":{"line":5,"column":2},"end":{"line":11,"column":3}}},"fnMap":{"0":{"name":"(anonymous_0)","decl":{"start":{"line":4,"column":15},"end":{"line":4,"column":16}},"loc":{"start":{"line":4,"column":28},"end":{"line":12,"column":1}},"line":4}},"branchMap":{},"s":{"0":2},"f":{"0":2},"b":{},"_coverageSchema":"1a1c01bbd47fc00a2c39e90264f33305004495a9","hash":"16e83ffd5e92abc128bf017956abdc8003e7f3e2"}
,"/Users/athean/code/TheMakery/P6-front-end-testing/src/views/BillsUI.js": {"path":"/Users/athean/code/TheMakery/P6-front-end-testing/src/views/BillsUI.js","statementMap":{"0":{"start":{"line":7,"column":12},"end":{"line":20,"column":3}},"1":{"start":{"line":8,"column":2},"end":{"line":19,"column":6}},"2":{"start":{"line":22,"column":13},"end":{"line":24,"column":1}},"3":{"start":{"line":23,"column":2},"end":{"line":23,"column":74}},"4":{"start":{"line":23,"column":50},"end":{"line":23,"column":59}},"5":{"start":{"line":28,"column":16},"end":{"line":43,"column":4}},"6":{"start":{"line":28,"column":23},"end":{"line":43,"column":3}},"7":{"start":{"line":45,"column":2},"end":{"line":49,"column":3}},"8":{"start":{"line":46,"column":4},"end":{"line":46,"column":24}},"9":{"start":{"line":47,"column":9},"end":{"line":49,"column":3}},"10":{"start":{"line":48,"column":4},"end":{"line":48,"column":22}},"11":{"start":{"line":51,"column":2},"end":{"line":79,"column":3}}},"fnMap":{"0":{"name":"(anonymous_0)","decl":{"start":{"line":7,"column":12},"end":{"line":7,"column":13}},"loc":{"start":{"line":7,"column":22},"end":{"line":20,"column":3}},"line":7},"1":{"name":"(anonymous_1)","decl":{"start":{"line":22,"column":13},"end":{"line":22,"column":14}},"loc":{"start":{"line":22,"column":23},"end":{"line":24,"column":1}},"line":22},"2":{"name":"(anonymous_2)","decl":{"start":{"line":23,"column":42},"end":{"line":23,"column":43}},"loc":{"start":{"line":23,"column":50},"end":{"line":23,"column":59}},"line":23},"3":{"name":"(anonymous_3)","decl":{"start":{"line":26,"column":15},"end":{"line":26,"column":16}},"loc":{"start":{"line":26,"column":52},"end":{"line":80,"column":1}},"line":26},"4":{"name":"(anonymous_4)","decl":{"start":{"line":28,"column":16},"end":{"line":28,"column":17}},"loc":{"start":{"line":28,"column":23},"end":{"line":43,"column":3}},"line":28}},"branchMap":{"0":{"loc":{"start":{"line":23,"column":9},"end":{"line":23,"column":74}},"type":"cond-expr","locations":[{"start":{"line":23,"column":33},"end":{"line":23,"column":69}},{"start":{"line":23,"column":72},"end":{"line":23,"column":74}}],"line":23},"1":{"loc":{"start":{"line":23,"column":10},"end":{"line":23,"column":29}},"type":"binary-expr","locations":[{"start":{"line":23,"column":10},"end":{"line":23,"column":14}},{"start":{"line":23,"column":18},"end":{"line":23,"column":29}}],"line":23},"2":{"loc":{"start":{"line":45,"column":2},"end":{"line":49,"column":3}},"type":"if","locations":[{"start":{"line":45,"column":2},"end":{"line":49,"column":3}},{"start":{"line":45,"column":2},"end":{"line":49,"column":3}}],"line":45},"3":{"loc":{"start":{"line":47,"column":9},"end":{"line":49,"column":3}},"type":"if","locations":[{"start":{"line":47,"column":9},"end":{"line":49,"column":3}},{"start":{"line":47,"column":9},"end":{"line":49,"column":3}}],"line":47}},"s":{"0":5,"1":0,"2":5,"3":4,"4":0,"5":4,"6":4,"7":4,"8":0,"9":4,"10":0,"11":4},"f":{"0":0,"1":4,"2":0,"3":4,"4":4},"b":{"0":[0,4],"1":[4,2],"2":[0,4],"3":[0,4]},"_coverageSchema":"1a1c01bbd47fc00a2c39e90264f33305004495a9","hash":"4888eb848480fdd0e4cfeb0113e25f4108ad21a5"}
,"/Users/athean/code/TheMakery/P6-front-end-testing/src/views/DashboardFormUI.js": {"path":"/Users/athean/code/TheMakery/P6-front-end-testing/src/views/DashboardFormUI.js","statementMap":{"0":{"start":{"line":7,"column":21},"end":{"line":22,"column":4}},"1":{"start":{"line":7,"column":28},"end":{"line":22,"column":3}},"2":{"start":{"line":26,"column":2},"end":{"line":101,"column":4}}},"fnMap":{"0":{"name":"(anonymous_0)","decl":{"start":{"line":7,"column":21},"end":{"line":7,"column":22}},"loc":{"start":{"line":7,"column":28},"end":{"line":22,"column":3}},"line":7},"1":{"name":"(anonymous_1)","decl":{"start":{"line":24,"column":15},"end":{"line":24,"column":16}},"loc":{"start":{"line":24,"column":25},"end":{"line":102,"column":1}},"line":24}},"branchMap":{"0":{"loc":{"start":{"line":79,"column":9},"end":{"line":89,"column":9}},"type":"cond-expr","locations":[{"start":{"line":79,"column":38},"end":{"line":84,"column":8}},{"start":{"line":84,"column":13},"end":{"line":89,"column":8}}],"line":79},"1":{"loc":{"start":{"line":92,"column":8},"end":{"line":97,"column":13}},"type":"cond-expr","locations":[{"start":{"line":92,"column":37},"end":{"line":97,"column":7}},{"start":{"line":97,"column":11},"end":{"line":97,"column":13}}],"line":92}},"s":{"0":6,"1":5,"2":5},"f":{"0":5,"1":5},"b":{"0":[2,3],"1":[2,3]},"_coverageSchema":"1a1c01bbd47fc00a2c39e90264f33305004495a9","hash":"19195aa46266094551827d9dae466179825e099e"}
,"/Users/athean/code/TheMakery/P6-front-end-testing/src/views/DashboardUI.js": {"path":"/Users/athean/code/TheMakery/P6-front-end-testing/src/views/DashboardUI.js","statementMap":{"0":{"start":{"line":10,"column":2},"end":{"line":14,"column":3}},"1":{"start":{"line":11,"column":4},"end":{"line":11,"column":24}},"2":{"start":{"line":12,"column":9},"end":{"line":14,"column":3}},"3":{"start":{"line":13,"column":4},"end":{"line":13,"column":22}},"4":{"start":{"line":16,"column":2},"end":{"line":48,"column":3}}},"fnMap":{"0":{"name":"(anonymous_0)","decl":{"start":{"line":8,"column":15},"end":{"line":8,"column":16}},"loc":{"start":{"line":8,"column":45},"end":{"line":49,"column":1}},"line":8}},"branchMap":{"0":{"loc":{"start":{"line":10,"column":2},"end":{"line":14,"column":3}},"type":"if","locations":[{"start":{"line":10,"column":2},"end":{"line":14,"column":3}},{"start":{"line":10,"column":2},"end":{"line":14,"column":3}}],"line":10},"1":{"loc":{"start":{"line":12,"column":9},"end":{"line":14,"column":3}},"type":"if","locations":[{"start":{"line":12,"column":9},"end":{"line":14,"column":3}},{"start":{"line":12,"column":9},"end":{"line":14,"column":3}}],"line":12},"2":{"loc":{"start":{"line":22,"column":45},"end":{"line":22,"column":63}},"type":"binary-expr","locations":[{"start":{"line":22,"column":45},"end":{"line":22,"column":49}},{"start":{"line":22,"column":53},"end":{"line":22,"column":63}}],"line":22},"3":{"loc":{"start":{"line":29,"column":43},"end":{"line":29,"column":61}},"type":"binary-expr","locations":[{"start":{"line":29,"column":43},"end":{"line":29,"column":47}},{"start":{"line":29,"column":51},"end":{"line":29,"column":61}}],"line":29},"4":{"loc":{"start":{"line":36,"column":43},"end":{"line":36,"column":61}},"type":"binary-expr","locations":[{"start":{"line":36,"column":43},"end":{"line":36,"column":47}},{"start":{"line":36,"column":51},"end":{"line":36,"column":61}}],"line":36}},"s":{"0":6,"1":1,"2":5,"3":1,"4":4},"f":{"0":6},"b":{"0":[1,5],"1":[1,4],"2":[4,2],"3":[4,2],"4":[4,2]},"_coverageSchema":"1a1c01bbd47fc00a2c39e90264f33305004495a9","hash":"9c78be4e589710f0ac0137964d712d453acb8c87"}
,"/Users/athean/code/TheMakery/P6-front-end-testing/src/views/ErrorPage.js": {"path":"/Users/athean/code/TheMakery/P6-front-end-testing/src/views/ErrorPage.js","statementMap":{"0":{"start":{"line":5,"column":2},"end":{"line":16,"column":3}}},"fnMap":{"0":{"name":"(anonymous_0)","decl":{"start":{"line":3,"column":15},"end":{"line":3,"column":16}},"loc":{"start":{"line":3,"column":26},"end":{"line":17,"column":1}},"line":3}},"branchMap":{"0":{"loc":{"start":{"line":13,"column":12},"end":{"line":13,"column":30}},"type":"cond-expr","locations":[{"start":{"line":13,"column":20},"end":{"line":13,"column":25}},{"start":{"line":13,"column":28},"end":{"line":13,"column":30}}],"line":13}},"s":{"0":3},"f":{"0":3},"b":{"0":[1,2]},"_coverageSchema":"1a1c01bbd47fc00a2c39e90264f33305004495a9","hash":"eba7dbd5f04e4ff9ee9e4e2d0bbd4911312e0641"}
,"/Users/athean/code/TheMakery/P6-front-end-testing/src/views/LoadingPage.js": {"path":"/Users/athean/code/TheMakery/P6-front-end-testing/src/views/LoadingPage.js","statementMap":{"0":{"start":{"line":5,"column":2},"end":{"line":12,"column":3}}},"fnMap":{"0":{"name":"(anonymous_0)","decl":{"start":{"line":3,"column":15},"end":{"line":3,"column":16}},"loc":{"start":{"line":3,"column":21},"end":{"line":13,"column":1}},"line":3}},"branchMap":{},"s":{"0":2},"f":{"0":2},"b":{},"_coverageSchema":"1a1c01bbd47fc00a2c39e90264f33305004495a9","hash":"effb4476210eff245b182fbdad08575dff7ccc50"}
,"/Users/athean/code/TheMakery/P6-front-end-testing/src/views/LoginUI.js": {"path":"/Users/athean/code/TheMakery/P6-front-end-testing/src/views/LoginUI.js","statementMap":{"0":{"start":{"line":4,"column":2},"end":{"line":46,"column":4}}},"fnMap":{"0":{"name":"(anonymous_0)","decl":{"start":{"line":2,"column":15},"end":{"line":2,"column":16}},"loc":{"start":{"line":2,"column":21},"end":{"line":47,"column":1}},"line":2}},"branchMap":{},"s":{"0":8},"f":{"0":8},"b":{},"_coverageSchema":"1a1c01bbd47fc00a2c39e90264f33305004495a9","hash":"dcf27cc134034c90853d5d90325e5358c4fd6461"}
,"/Users/athean/code/TheMakery/P6-front-end-testing/src/views/NewBillUI.js": {"path":"/Users/athean/code/TheMakery/P6-front-end-testing/src/views/NewBillUI.js","statementMap":{"0":{"start":{"line":5,"column":2},"end":{"line":73,"column":4}}},"fnMap":{"0":{"name":"(anonymous_0)","decl":{"start":{"line":3,"column":15},"end":{"line":3,"column":16}},"loc":{"start":{"line":3,"column":21},"end":{"line":74,"column":1}},"line":3}},"branchMap":{},"s":{"0":2},"f":{"0":2},"b":{},"_coverageSchema":"1a1c01bbd47fc00a2c39e90264f33305004495a9","hash":"58d6139b261f8ca2f3d811e7b46cc6fb132aa9e1"}
,"/Users/athean/code/TheMakery/P6-front-end-testing/src/views/VerticalLayout.js": {"path":"/Users/athean/code/TheMakery/P6-front-end-testing/src/views/VerticalLayout.js","statementMap":{"0":{"start":{"line":7,"column":15},"end":{"line":7,"column":55}},"1":{"start":{"line":8,"column":2},"end":{"line":8,"column":27}},"2":{"start":{"line":9,"column":2},"end":{"line":37,"column":3}},"3":{"start":{"line":10,"column":4},"end":{"line":25,"column":5}},"4":{"start":{"line":27,"column":4},"end":{"line":36,"column":5}}},"fnMap":{"0":{"name":"(anonymous_0)","decl":{"start":{"line":5,"column":15},"end":{"line":5,"column":16}},"loc":{"start":{"line":5,"column":27},"end":{"line":38,"column":1}},"line":5}},"branchMap":{"0":{"loc":{"start":{"line":9,"column":2},"end":{"line":37,"column":3}},"type":"if","locations":[{"start":{"line":9,"column":2},"end":{"line":37,"column":3}},{"start":{"line":9,"column":2},"end":{"line":37,"column":3}}],"line":9},"1":{"loc":{"start":{"line":9,"column":6},"end":{"line":9,"column":38}},"type":"binary-expr","locations":[{"start":{"line":9,"column":6},"end":{"line":9,"column":10}},{"start":{"line":9,"column":14},"end":{"line":9,"column":38}}],"line":9}},"s":{"0":17,"1":17,"2":17,"3":1,"4":16},"f":{"0":17},"b":{"0":[1,16],"1":[17,2]},"_coverageSchema":"1a1c01bbd47fc00a2c39e90264f33305004495a9","hash":"af37a60be880b7acea8976b0905f830e5a7baa4c"}
}
