TN:
SF:src/constants/routes.js
FN:13,(anonymous_0)
FNF:1
FNH:1
FNDA:12,(anonymous_0)
DA:6,5
DA:13,5
DA:14,12
DA:16,1
DA:18,3
DA:20,1
DA:22,6
DA:24,1
LF:8
LH:8
BRDA:14,0,0,1
BRDA:14,0,1,3
BRDA:14,0,2,1
BRDA:14,0,3,6
BRDA:14,0,4,1
BRF:5
BRH:5
end_of_record
TN:
SF:src/containers/Bills.js
FN:7,(anonymous_0)
FN:14,(anonymous_1)
FN:15,(anonymous_2)
FN:20,(anonymous_3)
FN:24,(anonymous_4)
FN:30,(anonymous_5)
FN:38,(anonymous_6)
FN:40,(anonymous_7)
FN:45,(anonymous_8)
FN:49,(anonymous_9)
FNF:10
FNH:0
FNDA:0,(anonymous_0)
FNDA:0,(anonymous_1)
FNDA:0,(anonymous_2)
FNDA:0,(anonymous_3)
FNDA:0,(anonymous_4)
FNDA:0,(anonymous_5)
FNDA:0,(anonymous_6)
FNDA:0,(anonymous_7)
FNDA:0,(anonymous_8)
FNDA:0,(anonymous_9)
DA:8,0
DA:9,0
DA:10,0
DA:11,0
DA:12,0
DA:13,0
DA:14,0
DA:15,0
DA:17,0
DA:20,0
DA:21,0
DA:24,0
DA:25,0
DA:26,0
DA:27,0
DA:30,0
DA:31,0
DA:33,0
DA:34,0
DA:35,0
DA:39,0
DA:40,0
DA:45,0
DA:46,0
DA:47,0
DA:49,0
LF:26
LH:0
BRDA:12,0,0,0
BRDA:12,0,1,0
BRDA:14,1,0,0
BRDA:14,1,1,0
BRDA:31,2,0,0
BRDA:31,2,1,0
BRDA:34,3,0,0
BRDA:34,3,1,0
BRF:8
BRH:0
end_of_record
TN:
SF:src/containers/Dashboard.js
FN:9,(anonymous_0)
FN:11,(anonymous_1)
FN:16,(anonymous_2)
FN:41,(anonymous_3)
FN:42,(anonymous_4)
FN:45,(anonymous_5)
FN:57,(anonymous_6)
FN:61,(anonymous_7)
FN:62,(anonymous_8)
FN:63,(anonymous_9)
FN:68,(anonymous_10)
FN:75,(anonymous_11)
FN:79,(anonymous_12)
FN:96,(anonymous_13)
FN:97,(anonymous_14)
FN:100,(anonymous_15)
FN:110,(anonymous_16)
FN:120,(anonymous_17)
FN:135,(anonymous_18)
FN:136,(anonymous_19)
FN:143,(anonymous_20)
FN:148,(anonymous_21)
FN:150,(anonymous_22)
FN:159,(anonymous_23)
FN:164,(anonymous_24)
FN:169,(anonymous_25)
FN:170,(anonymous_26)
FNF:27
FNH:19
FNDA:27,(anonymous_0)
FNDA:24,(anonymous_1)
FNDA:8,(anonymous_2)
FNDA:5,(anonymous_3)
FNDA:8,(anonymous_4)
FNDA:3,(anonymous_5)
FNDA:4,(anonymous_6)
FNDA:1,(anonymous_7)
FNDA:1,(anonymous_8)
FNDA:1,(anonymous_9)
FNDA:1,(anonymous_10)
FNDA:2,(anonymous_11)
FNDA:4,(anonymous_12)
FNDA:0,(anonymous_13)
FNDA:0,(anonymous_14)
FNDA:2,(anonymous_15)
FNDA:1,(anonymous_16)
FNDA:6,(anonymous_17)
FNDA:24,(anonymous_18)
FNDA:0,(anonymous_19)
FNDA:4,(anonymous_20)
FNDA:0,(anonymous_21)
FNDA:0,(anonymous_22)
FNDA:0,(anonymous_23)
FNDA:3,(anonymous_24)
FNDA:0,(anonymous_25)
FNDA:0,(anonymous_26)
DA:9,5
DA:10,27
DA:12,24
DA:16,5
DA:17,8
DA:18,8
DA:20,8
DA:23,8
DA:41,5
DA:42,8
DA:45,5
DA:46,3
DA:48,1
DA:50,1
DA:52,1
DA:58,4
DA:59,4
DA:60,4
DA:61,4
DA:62,4
DA:63,4
DA:64,4
DA:65,4
DA:68,4
DA:69,1
DA:70,1
DA:71,1
DA:72,1
DA:76,2
DA:77,2
DA:78,2
DA:79,1
DA:80,4
DA:82,1
DA:83,1
DA:84,1
DA:85,1
DA:87,1
DA:89,1
DA:92,1
DA:93,1
DA:95,2
DA:96,2
DA:97,2
DA:100,4
DA:101,2
DA:106,2
DA:107,2
DA:110,4
DA:111,1
DA:116,1
DA:117,1
DA:121,6
DA:122,6
DA:123,6
DA:124,3
DA:125,3
DA:127,3
DA:129,3
DA:130,3
DA:132,3
DA:135,6
DA:136,24
DA:139,6
DA:143,4
DA:144,4
DA:145,0
DA:149,0
DA:150,0
DA:156,0
DA:157,0
DA:159,0
DA:164,4
DA:165,3
DA:166,0
DA:169,0
DA:170,0
LF:77
LH:68
BRDA:10,0,0,6
BRDA:10,0,1,21
BRDA:10,1,0,27
BRDA:10,1,1,6
BRDA:18,2,0,2
BRDA:18,2,1,6
BRDA:20,3,0,2
BRDA:20,3,1,6
BRDA:42,4,0,4
BRDA:42,4,1,1
BRDA:42,5,0,5
BRDA:42,5,1,5
BRDA:46,6,0,1
BRDA:46,6,1,1
BRDA:46,6,2,1
BRDA:76,7,0,1
BRDA:76,7,1,1
BRDA:76,8,0,2
BRDA:76,8,1,1
BRDA:77,9,0,1
BRDA:77,9,1,1
BRDA:77,10,0,2
BRDA:77,10,1,1
BRDA:78,11,0,1
BRDA:78,11,1,1
BRDA:121,12,0,3
BRDA:121,12,1,3
BRDA:121,13,0,6
BRDA:121,13,1,5
BRDA:122,14,0,3
BRDA:122,14,1,3
BRDA:122,15,0,6
BRDA:122,15,1,5
BRDA:123,16,0,3
BRDA:123,16,1,3
BRDA:144,17,0,0
BRDA:144,17,1,4
BRDA:165,18,0,0
BRDA:165,18,1,3
BRF:39
BRH:37
end_of_record
TN:
SF:src/containers/Login.js
FN:7,(anonymous_0)
FN:18,(anonymous_1)
FN:35,(anonymous_2)
FN:52,(anonymous_3)
FN:57,(anonymous_4)
FN:65,(anonymous_5)
FN:71,(anonymous_6)
FN:80,(anonymous_7)
FN:81,(anonymous_8)
FNF:9
FNH:5
FNDA:2,(anonymous_0)
FNDA:2,(anonymous_1)
FNDA:2,(anonymous_2)
FNDA:4,(anonymous_3)
FNDA:0,(anonymous_4)
FNDA:0,(anonymous_5)
FNDA:4,(anonymous_6)
FNDA:0,(anonymous_7)
FNDA:0,(anonymous_8)
DA:3,1
DA:8,2
DA:9,2
DA:10,2
DA:11,2
DA:12,2
DA:13,2
DA:14,2
DA:15,2
DA:16,2
DA:18,2
DA:19,2
DA:25,2
DA:26,2
DA:27,2
DA:28,2
DA:29,2
DA:30,2
DA:31,2
DA:32,2
DA:35,2
DA:36,2
DA:42,2
DA:43,2
DA:44,2
DA:45,2
DA:46,2
DA:47,2
DA:48,2
DA:49,2
DA:52,2
DA:53,4
DA:54,0
DA:58,0
DA:59,0
DA:60,0
DA:62,0
DA:65,0
DA:67,4
DA:71,2
DA:72,4
DA:73,0
DA:80,0
DA:81,0
DA:83,4
LF:45
LH:36
BRDA:27,0,0,2
BRDA:27,0,1,0
BRDA:44,1,0,2
BRDA:44,1,1,0
BRDA:53,2,0,0
BRDA:53,2,1,4
BRDA:58,3,0,0
BRDA:58,3,1,0
BRDA:72,4,0,0
BRDA:72,4,1,4
BRF:10
BRH:4
end_of_record
TN:
SF:src/containers/Logout.js
FN:5,(anonymous_0)
FN:12,(anonymous_1)
FNF:2
FNH:1
FNDA:4,(anonymous_0)
FNDA:0,(anonymous_1)
DA:6,4
DA:7,4
DA:8,4
DA:9,4
DA:12,4
DA:13,0
DA:14,0
LF:7
LH:5
BRF:0
BRH:0
end_of_record
TN:
SF:src/containers/NewBill.js
FN:6,(anonymous_0)
FN:18,(anonymous_1)
FN:26,(anonymous_2)
FN:27,(anonymous_3)
FN:32,(anonymous_4)
FN:52,(anonymous_5)
FN:57,(anonymous_6)
FN:60,(anonymous_7)
FNF:8
FNH:0
FNDA:0,(anonymous_0)
FNDA:0,(anonymous_1)
FNDA:0,(anonymous_2)
FNDA:0,(anonymous_3)
FNDA:0,(anonymous_4)
FNDA:0,(anonymous_5)
FNDA:0,(anonymous_6)
FNDA:0,(anonymous_7)
DA:7,0
DA:8,0
DA:9,0
DA:10,0
DA:11,0
DA:12,0
DA:13,0
DA:14,0
DA:15,0
DA:16,0
DA:18,0
DA:19,0
DA:20,0
DA:21,0
DA:22,0
DA:26,0
DA:28,0
DA:29,0
DA:32,0
DA:33,0
DA:34,0
DA:35,0
DA:48,0
DA:49,0
DA:52,0
DA:53,0
DA:54,0
DA:58,0
DA:60,0
LF:29
LH:0
BRDA:42,0,0,0
BRDA:42,0,1,0
BRDA:53,1,0,0
BRDA:53,1,1,0
BRF:4
BRH:0
end_of_record
TN:
SF:src/views/Actions.js
FN:4,(anonymous_0)
FNF:1
FNH:1
FNDA:2,(anonymous_0)
DA:5,2
LF:1
LH:1
BRF:0
BRH:0
end_of_record
TN:
SF:src/views/BillsUI.js
FN:7,(anonymous_0)
FN:22,(anonymous_1)
FN:23,(anonymous_2)
FN:26,(anonymous_3)
FN:28,(anonymous_4)
FNF:5
FNH:3
FNDA:0,(anonymous_0)
FNDA:4,(anonymous_1)
FNDA:0,(anonymous_2)
FNDA:4,(anonymous_3)
FNDA:4,(anonymous_4)
DA:7,5
DA:8,0
DA:22,5
DA:23,4
DA:28,4
DA:45,4
DA:46,0
DA:47,4
DA:48,0
DA:51,4
LF:10
LH:7
BRDA:23,0,0,0
BRDA:23,0,1,4
BRDA:23,1,0,4
BRDA:23,1,1,2
BRDA:45,2,0,0
BRDA:45,2,1,4
BRDA:47,3,0,0
BRDA:47,3,1,4
BRF:8
BRH:5
end_of_record
TN:
SF:src/views/DashboardFormUI.js
FN:7,(anonymous_0)
FN:24,(anonymous_1)
FNF:2
FNH:1
FNDA:0,(anonymous_0)
FNDA:7,(anonymous_1)
DA:7,6
DA:26,7
LF:2
LH:2
BRDA:79,0,0,4
BRDA:79,0,1,3
BRDA:92,1,0,4
BRDA:92,1,1,3
BRF:4
BRH:4
end_of_record
TN:
SF:src/views/DashboardUI.js
FN:8,(anonymous_0)
FNF:1
FNH:1
FNDA:9,(anonymous_0)
DA:10,9
DA:11,1
DA:12,8
DA:13,1
DA:16,7
LF:5
LH:5
BRDA:10,0,0,1
BRDA:10,0,1,8
BRDA:12,1,0,1
BRDA:12,1,1,7
BRDA:22,2,0,7
BRDA:22,2,1,2
BRDA:29,3,0,7
BRDA:29,3,1,2
BRDA:36,4,0,7
BRDA:36,4,1,2
BRF:10
BRH:10
end_of_record
TN:
SF:src/views/ErrorPage.js
FN:3,(anonymous_0)
FNF:1
FNH:1
FNDA:3,(anonymous_0)
DA:5,3
LF:1
LH:1
BRDA:13,0,0,1
BRDA:13,0,1,2
BRF:2
BRH:2
end_of_record
TN:
SF:src/views/LoadingPage.js
FN:3,(anonymous_0)
FNF:1
FNH:1
FNDA:2,(anonymous_0)
DA:5,2
LF:1
LH:1
BRF:0
BRH:0
end_of_record
TN:
SF:src/views/LoginUI.js
FN:2,(anonymous_0)
FNF:1
FNH:1
FNDA:8,(anonymous_0)
DA:4,8
LF:1
LH:1
BRF:0
BRH:0
end_of_record
TN:
SF:src/views/NewBillUI.js
FN:3,(anonymous_0)
FNF:1
FNH:1
FNDA:2,(anonymous_0)
DA:5,2
LF:1
LH:1
BRF:0
BRH:0
end_of_record
TN:
SF:src/views/VerticalLayout.js
FN:5,(anonymous_0)
FNF:1
FNH:1
FNDA:19,(anonymous_0)
DA:7,19
DA:8,19
DA:9,4
DA:11,19
DA:12,1
DA:29,18
LF:6
LH:6
BRDA:8,0,0,4
BRDA:8,0,1,15
BRDA:11,1,0,1
BRDA:11,1,1,18
BRDA:11,2,0,19
BRDA:11,2,1,4
BRF:6
BRH:6
end_of_record
