TN:
SF:src/constants/routes.js
FN:13,(anonymous_0)
FNF:1
FNH:1
FNDA:13,(anonymous_0)
DA:6,6
DA:13,6
DA:14,13
DA:16,3
DA:18,3
DA:20,1
DA:22,5
DA:24,1
LF:8
LH:8
BRDA:14,0,0,3
BRDA:14,0,1,3
BRDA:14,0,2,1
BRDA:14,0,3,5
BRDA:14,0,4,1
BRF:5
BRH:5
end_of_record
TN:
SF:src/constants/usersTest.js
FNF:0
FNH:0
LF:0
LH:0
BRF:0
BRH:0
end_of_record
TN:
SF:src/containers/Bills.js
FN:6,(anonymous_0)
FN:13,(anonymous_1)
FN:14,(anonymous_2)
FN:19,(anonymous_3)
FN:23,(anonymous_4)
FN:29,(anonymous_5)
FN:37,(anonymous_6)
FN:39,(anonymous_7)
FN:44,(anonymous_8)
FN:48,(anonymous_9)
FNF:10
FNH:0
FNDA:0,(anonymous_0)
FNDA:0,(anonymous_1)
FNDA:0,(anonymous_2)
FNDA:0,(anonymous_3)
FNDA:0,(anonymous_4)
FNDA:0,(anonymous_5)
FNDA:0,(anonymous_6)
FNDA:0,(anonymous_7)
FNDA:0,(anonymous_8)
FNDA:0,(anonymous_9)
DA:7,0
DA:8,0
DA:9,0
DA:10,0
DA:11,0
DA:12,0
DA:13,0
DA:14,0
DA:16,0
DA:19,0
DA:20,0
DA:23,0
DA:24,0
DA:25,0
DA:26,0
DA:29,0
DA:30,0
DA:32,0
DA:33,0
DA:34,0
DA:38,0
DA:39,0
DA:44,0
DA:45,0
DA:46,0
DA:48,0
LF:26
LH:0
BRDA:11,0,0,0
BRDA:11,0,1,0
BRDA:13,1,0,0
BRDA:13,1,1,0
BRDA:30,2,0,0
BRDA:30,2,1,0
BRDA:33,3,0,0
BRDA:33,3,1,0
BRF:8
BRH:0
end_of_record
TN:
SF:src/containers/Dashboard.js
FN:8,(anonymous_0)
FN:10,(anonymous_1)
FN:29,(anonymous_2)
FN:54,(anonymous_3)
FN:55,(anonymous_4)
FN:58,(anonymous_5)
FN:70,(anonymous_6)
FN:74,(anonymous_7)
FN:75,(anonymous_8)
FN:76,(anonymous_9)
FN:81,(anonymous_10)
FN:87,(anonymous_11)
FN:91,(anonymous_12)
FN:108,(anonymous_13)
FN:109,(anonymous_14)
FN:112,(anonymous_15)
FN:122,(anonymous_16)
FN:132,(anonymous_17)
FN:147,(anonymous_18)
FN:148,(anonymous_19)
FN:155,(anonymous_20)
FN:160,(anonymous_21)
FN:162,(anonymous_22)
FN:175,(anonymous_23)
FN:180,(anonymous_24)
FNF:25
FNH:16
FNDA:27,(anonymous_0)
FNDA:24,(anonymous_1)
FNDA:8,(anonymous_2)
FNDA:5,(anonymous_3)
FNDA:8,(anonymous_4)
FNDA:3,(anonymous_5)
FNDA:5,(anonymous_6)
FNDA:0,(anonymous_7)
FNDA:0,(anonymous_8)
FNDA:0,(anonymous_9)
FNDA:1,(anonymous_10)
FNDA:2,(anonymous_11)
FNDA:4,(anonymous_12)
FNDA:0,(anonymous_13)
FNDA:0,(anonymous_14)
FNDA:1,(anonymous_15)
FNDA:1,(anonymous_16)
FNDA:4,(anonymous_17)
FNDA:16,(anonymous_18)
FNDA:0,(anonymous_19)
FNDA:5,(anonymous_20)
FNDA:0,(anonymous_21)
FNDA:0,(anonymous_22)
FNDA:2,(anonymous_23)
FNDA:0,(anonymous_24)
DA:8,6
DA:9,27
DA:15,24
DA:16,24
DA:19,0
DA:20,0
DA:25,24
DA:29,6
DA:30,8
DA:31,8
DA:33,8
DA:36,8
DA:54,6
DA:55,8
DA:58,6
DA:59,3
DA:61,1
DA:63,1
DA:65,1
DA:71,5
DA:72,5
DA:73,5
DA:74,5
DA:75,5
DA:76,5
DA:77,5
DA:78,5
DA:81,5
DA:82,1
DA:83,1
DA:84,1
DA:88,2
DA:89,2
DA:90,2
DA:91,1
DA:92,4
DA:94,1
DA:95,1
DA:96,1
DA:97,1
DA:99,1
DA:101,1
DA:104,1
DA:105,1
DA:107,2
DA:108,2
DA:109,2
DA:112,5
DA:113,1
DA:118,1
DA:119,1
DA:122,5
DA:123,1
DA:128,1
DA:129,1
DA:133,4
DA:134,4
DA:135,4
DA:136,3
DA:137,3
DA:139,3
DA:141,1
DA:142,1
DA:144,1
DA:147,4
DA:148,16
DA:151,4
DA:155,5
DA:156,5
DA:157,0
DA:161,0
DA:162,0
DA:168,0
DA:175,5
DA:176,2
DA:177,0
DA:180,0
LF:77
LH:69
BRDA:9,0,0,6
BRDA:9,0,1,21
BRDA:9,1,0,27
BRDA:9,1,1,6
BRDA:15,2,0,24
BRDA:15,2,1,0
BRDA:21,3,0,0
BRDA:21,3,1,0
BRDA:31,4,0,0
BRDA:31,4,1,8
BRDA:33,5,0,0
BRDA:33,5,1,8
BRDA:55,6,0,4
BRDA:55,6,1,1
BRDA:55,7,0,5
BRDA:55,7,1,5
BRDA:59,8,0,1
BRDA:59,8,1,1
BRDA:59,8,2,1
BRDA:84,9,0,0
BRDA:84,9,1,1
BRDA:88,10,0,1
BRDA:88,10,1,1
BRDA:88,11,0,2
BRDA:88,11,1,1
BRDA:89,12,0,1
BRDA:89,12,1,1
BRDA:89,13,0,2
BRDA:89,13,1,1
BRDA:90,14,0,1
BRDA:90,14,1,1
BRDA:133,15,0,3
BRDA:133,15,1,1
BRDA:133,16,0,4
BRDA:133,16,1,3
BRDA:134,17,0,3
BRDA:134,17,1,1
BRDA:134,18,0,4
BRDA:134,18,1,3
BRDA:135,19,0,3
BRDA:135,19,1,1
BRDA:156,20,0,0
BRDA:156,20,1,5
BRDA:176,21,0,0
BRDA:176,21,1,2
BRF:45
BRH:37
end_of_record
TN:
SF:src/containers/Login.js
FN:7,(anonymous_0)
FN:18,(anonymous_1)
FN:35,(anonymous_2)
FN:52,(anonymous_3)
FN:57,(anonymous_4)
FN:65,(anonymous_5)
FN:71,(anonymous_6)
FN:80,(anonymous_7)
FN:81,(anonymous_8)
FNF:9
FNH:5
FNDA:2,(anonymous_0)
FNDA:2,(anonymous_1)
FNDA:2,(anonymous_2)
FNDA:4,(anonymous_3)
FNDA:0,(anonymous_4)
FNDA:0,(anonymous_5)
FNDA:4,(anonymous_6)
FNDA:0,(anonymous_7)
FNDA:0,(anonymous_8)
DA:3,1
DA:8,2
DA:9,2
DA:10,2
DA:11,2
DA:12,2
DA:13,2
DA:14,2
DA:15,2
DA:16,2
DA:18,2
DA:19,2
DA:25,2
DA:26,2
DA:27,2
DA:28,2
DA:29,2
DA:30,2
DA:31,2
DA:32,2
DA:35,2
DA:36,2
DA:42,2
DA:43,2
DA:44,2
DA:45,2
DA:46,2
DA:47,2
DA:48,2
DA:49,2
DA:52,2
DA:53,4
DA:54,0
DA:58,0
DA:59,0
DA:60,0
DA:62,0
DA:65,0
DA:67,4
DA:71,2
DA:72,4
DA:73,0
DA:80,0
DA:81,0
DA:83,4
LF:45
LH:36
BRDA:27,0,0,2
BRDA:27,0,1,0
BRDA:44,1,0,2
BRDA:44,1,1,0
BRDA:53,2,0,0
BRDA:53,2,1,4
BRDA:58,3,0,0
BRDA:58,3,1,0
BRDA:72,4,0,0
BRDA:72,4,1,4
BRF:10
BRH:4
end_of_record
TN:
SF:src/containers/Logout.js
FN:4,(anonymous_0)
FN:11,(anonymous_1)
FNF:2
FNH:2
FNDA:6,(anonymous_0)
FNDA:2,(anonymous_1)
DA:5,6
DA:6,6
DA:7,6
DA:8,6
DA:11,6
DA:12,2
DA:13,2
LF:7
LH:7
BRF:0
BRH:0
end_of_record
TN:
SF:src/containers/NewBill.js
FN:6,(anonymous_0)
FN:18,(anonymous_1)
FN:26,(anonymous_2)
FN:27,(anonymous_3)
FN:32,(anonymous_4)
FN:52,(anonymous_5)
FN:57,(anonymous_6)
FN:60,(anonymous_7)
FNF:8
FNH:0
FNDA:0,(anonymous_0)
FNDA:0,(anonymous_1)
FNDA:0,(anonymous_2)
FNDA:0,(anonymous_3)
FNDA:0,(anonymous_4)
FNDA:0,(anonymous_5)
FNDA:0,(anonymous_6)
FNDA:0,(anonymous_7)
DA:7,0
DA:8,0
DA:9,0
DA:10,0
DA:11,0
DA:12,0
DA:13,0
DA:14,0
DA:15,0
DA:16,0
DA:18,0
DA:19,0
DA:20,0
DA:21,0
DA:22,0
DA:26,0
DA:28,0
DA:29,0
DA:32,0
DA:33,0
DA:34,0
DA:35,0
DA:48,0
DA:49,0
DA:52,0
DA:53,0
DA:54,0
DA:58,0
DA:60,0
LF:29
LH:0
BRDA:42,0,0,0
BRDA:42,0,1,0
BRDA:53,1,0,0
BRDA:53,1,1,0
BRF:4
BRH:0
end_of_record
TN:
SF:src/views/Actions.js
FN:4,(anonymous_0)
FNF:1
FNH:1
FNDA:6,(anonymous_0)
DA:5,6
LF:1
LH:1
BRF:0
BRH:0
end_of_record
TN:
SF:src/views/BillsUI.js
FN:7,(anonymous_0)
FN:22,(anonymous_1)
FN:23,(anonymous_2)
FN:26,(anonymous_3)
FN:28,(anonymous_4)
FNF:5
FNH:5
FNDA:4,(anonymous_0)
FNDA:5,(anonymous_1)
FNDA:4,(anonymous_2)
FNDA:5,(anonymous_3)
FNDA:5,(anonymous_4)
DA:7,6
DA:8,4
DA:22,6
DA:23,5
DA:28,5
DA:45,5
DA:46,0
DA:47,5
DA:48,0
DA:51,5
LF:10
LH:8
BRDA:23,0,0,1
BRDA:23,0,1,4
BRDA:23,1,0,5
BRDA:23,1,1,3
BRDA:45,2,0,0
BRDA:45,2,1,5
BRDA:47,3,0,0
BRDA:47,3,1,5
BRF:8
BRH:6
end_of_record
TN:
SF:src/views/DashboardFormUI.js
FN:7,(anonymous_0)
FN:24,(anonymous_1)
FNF:2
FNH:2
FNDA:8,(anonymous_0)
FNDA:8,(anonymous_1)
DA:7,8
DA:26,8
LF:2
LH:2
BRDA:79,0,0,5
BRDA:79,0,1,3
BRDA:92,1,0,5
BRDA:92,1,1,3
BRF:4
BRH:4
end_of_record
TN:
SF:src/views/DashboardUI.js
FN:8,(anonymous_0)
FNF:1
FNH:1
FNDA:11,(anonymous_0)
DA:10,11
DA:11,1
DA:12,10
DA:13,3
DA:16,7
LF:5
LH:5
BRDA:10,0,0,1
BRDA:10,0,1,10
BRDA:12,1,0,3
BRDA:12,1,1,7
BRDA:22,2,0,7
BRDA:22,2,1,2
BRDA:29,3,0,7
BRDA:29,3,1,2
BRDA:36,4,0,7
BRDA:36,4,1,2
BRF:10
BRH:10
end_of_record
TN:
SF:src/views/ErrorPage.js
FN:3,(anonymous_0)
FNF:1
FNH:1
FNDA:5,(anonymous_0)
DA:5,5
LF:1
LH:1
BRDA:13,0,0,4
BRDA:13,0,1,1
BRF:2
BRH:2
end_of_record
TN:
SF:src/views/LoadingPage.js
FN:3,(anonymous_0)
FNF:1
FNH:1
FNDA:2,(anonymous_0)
DA:5,2
LF:1
LH:1
BRF:0
BRH:0
end_of_record
TN:
SF:src/views/LoginUI.js
FN:2,(anonymous_0)
FNF:1
FNH:1
FNDA:10,(anonymous_0)
DA:4,10
LF:1
LH:1
BRF:0
BRH:0
end_of_record
TN:
SF:src/views/NewBillUI.js
FN:3,(anonymous_0)
FNF:1
FNH:1
FNDA:2,(anonymous_0)
DA:5,2
LF:1
LH:1
BRF:0
BRH:0
end_of_record
TN:
SF:src/views/VerticalLayout.js
FN:5,(anonymous_0)
FNF:1
FNH:1
FNDA:22,(anonymous_0)
DA:7,22
DA:8,22
DA:9,7
DA:11,22
DA:12,1
DA:29,21
LF:6
LH:6
BRDA:8,0,0,7
BRDA:8,0,1,15
BRDA:11,1,0,1
BRDA:11,1,1,21
BRDA:11,2,0,22
BRDA:11,2,1,7
BRF:6
BRH:6
end_of_record
